TN:
SF:server.js
FN:28,connectDB
FN:58,validateProduct
FN:133,sanitizeProduct
FN:180,(anonymous_3)
FN:201,(anonymous_4)
FN:211,(anonymous_5)
FN:222,(anonymous_6)
FN:244,(anonymous_7)
FN:282,(anonymous_8)
FN:329,(anonymous_9)
FN:354,(anonymous_10)
FN:360,(anonymous_11)
FN:363,(anonymous_12)
FN:365,(anonymous_13)
FN:366,(anonymous_14)
FN:366,(anonymous_15)
FN:386,initializeApp
FN:391,(anonymous_17)
FNF:18
FNH:16
FNDA:1,connectDB
FNDA:19,validateProduct
FNDA:19,sanitizeProduct
FNDA:30,(anonymous_3)
FNDA:2,(anonymous_4)
FNDA:0,(anonymous_5)
FNDA:2,(anonymous_6)
FNDA:12,(anonymous_7)
FNDA:8,(anonymous_8)
FNDA:3,(anonymous_9)
FNDA:3,(anonymous_10)
FNDA:288,(anonymous_11)
FNDA:288,(anonymous_12)
FNDA:1275,(anonymous_13)
FNDA:122400,(anonymous_14)
FNDA:122400,(anonymous_15)
FNDA:1,initializeApp
FNDA:0,(anonymous_17)
DA:8,1
DA:9,1
DA:14,1
DA:16,1
DA:17,0
DA:19,0
DA:20,0
DA:29,1
DA:30,1
DA:31,1
DA:33,1
DA:34,1
DA:35,1
DA:37,1
DA:39,0
DA:41,0
DA:42,0
DA:44,0
DA:59,19
DA:62,19
DA:63,14
DA:64,0
DA:65,14
DA:66,0
DA:67,14
DA:68,0
DA:73,19
DA:74,16
DA:75,16
DA:76,0
DA:77,16
DA:78,1
DA:79,15
DA:80,1
DA:85,19
DA:86,4
DA:87,4
DA:88,1
DA:89,3
DA:90,2
DA:95,19
DA:96,12
DA:97,0
DA:102,19
DA:103,12
DA:104,0
DA:109,19
DA:110,12
DA:111,0
DA:116,19
DA:117,1
DA:118,0
DA:122,19
DA:134,19
DA:136,19
DA:137,14
DA:140,19
DA:141,3
DA:144,19
DA:145,1
DA:148,19
DA:149,16
DA:152,19
DA:153,1
DA:156,19
DA:157,4
DA:160,19
DA:161,1
DA:166,19
DA:172,1
DA:179,1
DA:181,30
DA:182,1
DA:183,1
DA:185,0
DA:186,0
DA:193,1
DA:194,1
DA:201,1
DA:202,2
DA:211,1
DA:212,0
DA:213,0
DA:214,0
DA:216,0
DA:217,0
DA:222,1
DA:223,2
DA:224,2
DA:226,2
DA:227,0
DA:230,2
DA:232,2
DA:233,1
DA:236,1
DA:238,0
DA:239,0
DA:244,1
DA:245,12
DA:247,12
DA:250,12
DA:251,12
DA:252,0
DA:259,12
DA:270,12
DA:271,12
DA:276,0
DA:277,0
DA:282,1
DA:283,8
DA:284,8
DA:286,8
DA:287,1
DA:291,7
DA:294,7
DA:295,7
DA:296,5
DA:303,2
DA:308,2
DA:313,2
DA:314,1
DA:317,1
DA:323,0
DA:324,0
DA:329,1
DA:330,3
DA:331,3
DA:333,3
DA:334,1
DA:337,2
DA:339,2
DA:340,1
DA:343,1
DA:348,0
DA:349,0
DA:354,1
DA:355,3
DA:356,3
DA:358,3
DA:359,3
DA:360,288
DA:363,288
DA:364,3
DA:366,122400
DA:370,3
DA:376,0
DA:377,0
DA:387,1
DA:388,1
DA:390,1
DA:391,0
DA:392,0
DA:393,0
DA:397,0
DA:398,0
DA:399,0
DA:401,0
DA:406,1
DA:407,0
LF:159
LH:117
BRDA:9,0,0,1
BRDA:9,0,1,0
BRDA:16,1,0,0
BRDA:16,1,1,1
BRDA:19,2,0,0
BRDA:19,2,1,0
BRDA:41,3,0,0
BRDA:41,3,1,0
BRDA:58,4,0,0
BRDA:62,5,0,14
BRDA:62,5,1,5
BRDA:62,6,0,19
BRDA:62,6,1,7
BRDA:63,7,0,0
BRDA:63,7,1,14
BRDA:63,8,0,14
BRDA:63,8,1,14
BRDA:65,9,0,0
BRDA:65,9,1,14
BRDA:67,10,0,0
BRDA:67,10,1,14
BRDA:73,11,0,16
BRDA:73,11,1,3
BRDA:73,12,0,19
BRDA:73,12,1,7
BRDA:75,13,0,0
BRDA:75,13,1,16
BRDA:77,14,0,1
BRDA:77,14,1,15
BRDA:79,15,0,1
BRDA:79,15,1,14
BRDA:85,16,0,4
BRDA:85,16,1,15
BRDA:85,17,0,19
BRDA:85,17,1,4
BRDA:87,18,0,1
BRDA:87,18,1,3
BRDA:89,19,0,2
BRDA:89,19,1,1
BRDA:89,20,0,3
BRDA:89,20,1,2
BRDA:95,21,0,12
BRDA:95,21,1,7
BRDA:95,22,0,19
BRDA:95,22,1,7
BRDA:96,23,0,0
BRDA:96,23,1,12
BRDA:96,24,0,12
BRDA:96,24,1,3
BRDA:102,25,0,12
BRDA:102,25,1,7
BRDA:102,26,0,19
BRDA:102,26,1,7
BRDA:103,27,0,0
BRDA:103,27,1,12
BRDA:103,28,0,12
BRDA:103,28,1,1
BRDA:109,29,0,12
BRDA:109,29,1,7
BRDA:109,30,0,19
BRDA:109,30,1,7
BRDA:110,31,0,0
BRDA:110,31,1,12
BRDA:110,32,0,12
BRDA:110,32,1,1
BRDA:116,33,0,1
BRDA:116,33,1,18
BRDA:116,34,0,19
BRDA:116,34,1,1
BRDA:117,35,0,0
BRDA:117,35,1,1
BRDA:136,36,0,14
BRDA:136,36,1,5
BRDA:140,37,0,3
BRDA:140,37,1,16
BRDA:144,38,0,1
BRDA:144,38,1,18
BRDA:148,39,0,16
BRDA:148,39,1,3
BRDA:152,40,0,1
BRDA:152,40,1,18
BRDA:156,41,0,4
BRDA:156,41,1,15
BRDA:156,42,0,19
BRDA:156,42,1,4
BRDA:160,43,0,1
BRDA:160,43,1,18
BRDA:161,44,0,1
BRDA:161,44,1,0
BRDA:181,45,0,29
BRDA:181,45,1,1
BRDA:182,46,0,1
BRDA:182,46,1,0
BRDA:205,47,0,2
BRDA:205,47,1,0
BRDA:206,48,0,2
BRDA:206,48,1,0
BRDA:226,49,0,0
BRDA:226,49,1,2
BRDA:232,50,0,1
BRDA:232,50,1,1
BRDA:251,51,0,0
BRDA:251,51,1,12
BRDA:261,52,0,12
BRDA:261,52,1,9
BRDA:262,53,0,12
BRDA:262,53,1,11
BRDA:264,54,0,12
BRDA:264,54,1,11
BRDA:265,55,0,12
BRDA:265,55,1,11
BRDA:266,56,0,12
BRDA:266,56,1,11
BRDA:286,57,0,1
BRDA:286,57,1,7
BRDA:295,58,0,5
BRDA:295,58,1,2
BRDA:313,59,0,1
BRDA:313,59,1,1
BRDA:333,60,0,1
BRDA:333,60,1,2
BRDA:339,61,0,1
BRDA:339,61,1,1
BRDA:359,62,0,3
BRDA:359,62,1,0
BRDA:360,63,0,288
BRDA:360,63,1,0
BRDA:364,64,0,3
BRDA:364,64,1,0
BRDA:390,65,0,0
BRDA:390,65,1,1
BRDA:398,66,0,0
BRDA:398,66,1,0
BRDA:406,67,0,0
BRDA:406,67,1,1
BRF:135
BRH:107
end_of_record
