TN:
SF:server.js
FN:28,connectDB
FN:58,validateProduct
FN:133,sanitizeProduct
FN:180,(anonymous_3)
FN:201,(anonymous_4)
FN:211,(anonymous_5)
FN:222,(anonymous_6)
FN:244,(anonymous_7)
FN:282,(anonymous_8)
FN:329,(anonymous_9)
FN:354,(anonymous_10)
FN:360,(anonymous_11)
FN:363,(anonymous_12)
FN:365,(anonymous_13)
FN:366,(anonymous_14)
FN:366,(anonymous_15)
FN:386,initializeApp
FN:391,(anonymous_17)
FNF:18
FNH:15
FNDA:1,connectDB
FNDA:3,validateProduct
FNDA:3,sanitizeProduct
FNDA:9,(anonymous_3)
FNDA:1,(anonymous_4)
FNDA:3,(anonymous_5)
FNDA:1,(anonymous_6)
FNDA:3,(anonymous_7)
FNDA:0,(anonymous_8)
FNDA:0,(anonymous_9)
FNDA:1,(anonymous_10)
FNDA:51,(anonymous_11)
FNDA:51,(anonymous_12)
FNDA:50,(anonymous_13)
FNDA:2550,(anonymous_14)
FNDA:2550,(anonymous_15)
FNDA:1,initializeApp
FNDA:0,(anonymous_17)
DA:8,1
DA:9,1
DA:14,1
DA:16,1
DA:17,0
DA:19,0
DA:20,0
DA:29,1
DA:30,1
DA:31,1
DA:33,1
DA:34,1
DA:35,1
DA:37,1
DA:39,0
DA:41,0
DA:42,0
DA:44,0
DA:59,3
DA:62,3
DA:63,3
DA:64,0
DA:65,3
DA:66,0
DA:67,3
DA:68,0
DA:73,3
DA:74,3
DA:75,3
DA:76,0
DA:77,3
DA:78,0
DA:79,3
DA:80,0
DA:85,3
DA:86,3
DA:87,3
DA:88,0
DA:89,3
DA:90,0
DA:95,3
DA:96,3
DA:97,0
DA:102,3
DA:103,3
DA:104,0
DA:109,3
DA:110,3
DA:111,0
DA:116,3
DA:117,1
DA:118,0
DA:122,3
DA:134,3
DA:136,3
DA:137,3
DA:140,3
DA:141,3
DA:144,3
DA:145,3
DA:148,3
DA:149,3
DA:152,3
DA:153,3
DA:156,3
DA:157,3
DA:160,3
DA:161,1
DA:166,3
DA:172,1
DA:179,1
DA:181,9
DA:182,1
DA:183,1
DA:185,0
DA:186,0
DA:193,1
DA:194,1
DA:201,1
DA:202,1
DA:211,1
DA:212,3
DA:213,3
DA:214,3
DA:216,0
DA:217,0
DA:222,1
DA:223,1
DA:224,1
DA:226,1
DA:227,1
DA:230,0
DA:232,0
DA:233,0
DA:236,0
DA:238,0
DA:239,0
DA:244,1
DA:245,3
DA:247,3
DA:250,3
DA:251,3
DA:252,0
DA:259,3
DA:270,3
DA:271,3
DA:276,0
DA:277,0
DA:282,1
DA:283,0
DA:284,0
DA:286,0
DA:287,0
DA:291,0
DA:294,0
DA:295,0
DA:296,0
DA:303,0
DA:308,0
DA:313,0
DA:314,0
DA:317,0
DA:323,0
DA:324,0
DA:329,1
DA:330,0
DA:331,0
DA:333,0
DA:334,0
DA:337,0
DA:339,0
DA:340,0
DA:343,0
DA:348,0
DA:349,0
DA:354,1
DA:355,1
DA:356,1
DA:358,1
DA:359,1
DA:360,51
DA:363,51
DA:364,1
DA:366,2550
DA:370,1
DA:376,0
DA:377,0
DA:387,1
DA:388,1
DA:390,1
DA:391,0
DA:392,0
DA:393,0
DA:397,0
DA:398,0
DA:399,0
DA:401,0
DA:406,1
DA:407,0
LF:159
LH:92
BRDA:9,0,0,1
BRDA:9,0,1,0
BRDA:16,1,0,0
BRDA:16,1,1,1
BRDA:19,2,0,0
BRDA:19,2,1,0
BRDA:41,3,0,0
BRDA:41,3,1,0
BRDA:58,4,0,0
BRDA:62,5,0,3
BRDA:62,5,1,0
BRDA:62,6,0,3
BRDA:62,6,1,0
BRDA:63,7,0,0
BRDA:63,7,1,3
BRDA:63,8,0,3
BRDA:63,8,1,3
BRDA:65,9,0,0
BRDA:65,9,1,3
BRDA:67,10,0,0
BRDA:67,10,1,3
BRDA:73,11,0,3
BRDA:73,11,1,0
BRDA:73,12,0,3
BRDA:73,12,1,0
BRDA:75,13,0,0
BRDA:75,13,1,3
BRDA:77,14,0,0
BRDA:77,14,1,3
BRDA:79,15,0,0
BRDA:79,15,1,3
BRDA:85,16,0,3
BRDA:85,16,1,0
BRDA:85,17,0,3
BRDA:85,17,1,3
BRDA:87,18,0,0
BRDA:87,18,1,3
BRDA:89,19,0,0
BRDA:89,19,1,3
BRDA:89,20,0,3
BRDA:89,20,1,3
BRDA:95,21,0,3
BRDA:95,21,1,0
BRDA:95,22,0,3
BRDA:95,22,1,0
BRDA:96,23,0,0
BRDA:96,23,1,3
BRDA:96,24,0,3
BRDA:96,24,1,3
BRDA:102,25,0,3
BRDA:102,25,1,0
BRDA:102,26,0,3
BRDA:102,26,1,0
BRDA:103,27,0,0
BRDA:103,27,1,3
BRDA:103,28,0,3
BRDA:103,28,1,3
BRDA:109,29,0,3
BRDA:109,29,1,0
BRDA:109,30,0,3
BRDA:109,30,1,0
BRDA:110,31,0,0
BRDA:110,31,1,3
BRDA:110,32,0,3
BRDA:110,32,1,3
BRDA:116,33,0,1
BRDA:116,33,1,2
BRDA:116,34,0,3
BRDA:116,34,1,1
BRDA:117,35,0,0
BRDA:117,35,1,1
BRDA:136,36,0,3
BRDA:136,36,1,0
BRDA:140,37,0,3
BRDA:140,37,1,0
BRDA:144,38,0,3
BRDA:144,38,1,0
BRDA:148,39,0,3
BRDA:148,39,1,0
BRDA:152,40,0,3
BRDA:152,40,1,0
BRDA:156,41,0,3
BRDA:156,41,1,0
BRDA:156,42,0,3
BRDA:156,42,1,3
BRDA:160,43,0,1
BRDA:160,43,1,2
BRDA:161,44,0,1
BRDA:161,44,1,0
BRDA:181,45,0,8
BRDA:181,45,1,1
BRDA:182,46,0,1
BRDA:182,46,1,0
BRDA:205,47,0,1
BRDA:205,47,1,0
BRDA:206,48,0,1
BRDA:206,48,1,0
BRDA:226,49,0,1
BRDA:226,49,1,0
BRDA:232,50,0,0
BRDA:232,50,1,0
BRDA:251,51,0,0
BRDA:251,51,1,3
BRDA:261,52,0,3
BRDA:261,52,1,0
BRDA:262,53,0,3
BRDA:262,53,1,0
BRDA:264,54,0,3
BRDA:264,54,1,0
BRDA:265,55,0,3
BRDA:265,55,1,0
BRDA:266,56,0,3
BRDA:266,56,1,2
BRDA:286,57,0,0
BRDA:286,57,1,0
BRDA:295,58,0,0
BRDA:295,58,1,0
BRDA:313,59,0,0
BRDA:313,59,1,0
BRDA:333,60,0,0
BRDA:333,60,1,0
BRDA:339,61,0,0
BRDA:339,61,1,0
BRDA:359,62,0,1
BRDA:359,62,1,0
BRDA:360,63,0,51
BRDA:360,63,1,0
BRDA:364,64,0,1
BRDA:364,64,1,0
BRDA:390,65,0,0
BRDA:390,65,1,1
BRDA:398,66,0,0
BRDA:398,66,1,0
BRDA:406,67,0,0
BRDA:406,67,1,1
BRF:135
BRH:70
end_of_record
